<?xml version="1.0" encoding="UTF-8"?>
<testsuite xmlns:xsi="http://www.w3.org/2001/XMLSchema-instance" xsi:noNamespaceSchemaLocation="https://maven.apache.org/surefire/maven-surefire-plugin/xsd/surefire-test-report-3.0.xsd" version="3.0" name="com.pw6.mynote.MynoteApplicationTests" time="6.781" tests="1" errors="0" skipped="0" failures="0">
  <properties>
[...]
</properties>
  <testcase name="contextLoads" classname="com.pw6.mynote.MynoteApplicationTests" time="0.903">
    <system-out><![CDATA[11:30:23.665 [main] INFO org.springframework.test.context.support.AnnotationConfigContextLoaderUtils -- Could not detect default configuration classes for test class [com.pw6.mynote.MynoteApplicationTests]: MynoteApplicationTests does not declare any static, non-private, non-final, nested classes annotated with @Configuration.
11:30:23.899 [main] INFO org.springframework.boot.test.context.SpringBootTestContextBootstrapper -- Found @SpringBootConfiguration com.pw6.mynote.MyNoteApplication for test class com.pw6.mynote.MynoteApplicationTests

  .   ____          _            __ _ _
 /\\ / ___'_ __ _ _(_)_ __  __ _ \ \ \ \
( ( )\___ | '_ | '_| | '_ \/ _` | \ \ \ \
 \\/  ___)| |_)| | | | | || (_| |  ) ) ) )
  '  |____| .__|_| |_|_| |_\__, | / / / /
 =========|_|==============|___/=/_/_/_/
 :: Spring Boot ::                (v3.1.3)

2023-10-04T11:30:24.541+03:00  INFO 59315 --- [           main] com.pw6.mynote.MynoteApplicationTests    : Starting MynoteApplicationTests using Java 18.0.2.1 with PID 59315 (started by mikhail in /Users/mikhail/Desktop/Интерфейсы прикладного программирования/Tasks/src/PW6/mynote)
2023-10-04T11:30:24.545+03:00  INFO 59315 --- [           main] com.pw6.mynote.MynoteApplicationTests    : No active profile set, falling back to 1 default profile: "default"
2023-10-04T11:30:25.605+03:00  INFO 59315 --- [           main] .s.d.r.c.RepositoryConfigurationDelegate : Bootstrapping Spring Data JPA repositories in DEFAULT mode.
2023-10-04T11:30:25.695+03:00  INFO 59315 --- [           main] .s.d.r.c.RepositoryConfigurationDelegate : Finished Spring Data repository scanning in 82 ms. Found 1 JPA repository interfaces.
2023-10-04T11:30:26.562+03:00  INFO 59315 --- [           main] o.hibernate.jpa.internal.util.LogHelper  : HHH000204: Processing PersistenceUnitInfo [name: default]
2023-10-04T11:30:26.614+03:00  INFO 59315 --- [           main] org.hibernate.Version                    : HHH000412: Hibernate ORM core version 6.2.7.Final
2023-10-04T11:30:26.616+03:00  INFO 59315 --- [           main] org.hibernate.cfg.Environment            : HHH000406: Using bytecode reflection optimizer
2023-10-04T11:30:26.783+03:00  INFO 59315 --- [           main] o.h.b.i.BytecodeProviderInitiator        : HHH000021: Bytecode provider name : bytebuddy
2023-10-04T11:30:26.917+03:00  INFO 59315 --- [           main] o.s.o.j.p.SpringPersistenceUnitInfo      : No LoadTimeWeaver setup: ignoring JPA class transformer
2023-10-04T11:30:26.935+03:00  INFO 59315 --- [           main] com.zaxxer.hikari.HikariDataSource       : HikariPool-1 - Starting...
2023-10-04T11:30:27.205+03:00  INFO 59315 --- [           main] com.zaxxer.hikari.pool.HikariPool        : HikariPool-1 - Added connection org.postgresql.jdbc.PgConnection@35f7969d
2023-10-04T11:30:27.211+03:00  INFO 59315 --- [           main] com.zaxxer.hikari.HikariDataSource       : HikariPool-1 - Start completed.
2023-10-04T11:30:27.474+03:00  INFO 59315 --- [           main] o.h.b.i.BytecodeProviderInitiator        : HHH000021: Bytecode provider name : bytebuddy
2023-10-04T11:30:28.057+03:00  INFO 59315 --- [           main] o.h.e.t.j.p.i.JtaPlatformInitiator       : HHH000490: Using JtaPlatform implementation: [org.hibernate.engine.transaction.jta.platform.internal.NoJtaPlatform]
2023-10-04T11:30:28.125+03:00  INFO 59315 --- [           main] j.LocalContainerEntityManagerFactoryBean : Initialized JPA EntityManagerFactory for persistence unit 'default'
2023-10-04T11:30:28.697+03:00  WARN 59315 --- [           main] JpaBaseConfiguration$JpaWebConfiguration : spring.jpa.open-in-view is enabled by default. Therefore, database queries may be performed during view rendering. Explicitly configure spring.jpa.open-in-view to disable this warning
2023-10-04T11:30:28.984+03:00  INFO 59315 --- [           main] o.s.b.a.w.s.WelcomePageHandlerMapping    : Adding welcome page: class path resource [static/index.html]
2023-10-04T11:30:29.250+03:00  INFO 59315 --- [           main] com.pw6.mynote.MynoteApplicationTests    : Started MynoteApplicationTests in 5.15 seconds (process running for 6.596)
]]></system-out>
  </testcase>
</testsuite>